<?xml version="1.0" encoding="UTF-8"?>
<testng-results ignored="0" total="2" passed="2" failed="0" skipped="0">
  <reporter-output>
  </reporter-output>
  <suite started-at="2024-11-26T18:03:43 IST" name="Suite" finished-at="2024-11-26T18:03:52 IST" duration-ms="9336">
    <groups>
      <group name="Master">
        <method signature="TC_001_AccountRegistration_Test.verify_account_registration()[pri:0, instance:testCases.TC_001_AccountRegistration_Test@4983159f]" name="verify_account_registration" class="testCases.TC_001_AccountRegistration_Test"/>
        <method signature="TC_002_LoginTest.verify_login()[pri:0, instance:testCases.TC_002_LoginTest@26bab2f1]" name="verify_login" class="testCases.TC_002_LoginTest"/>
      </group> <!-- Master -->
      <group name="Regression">
        <method signature="TC_001_AccountRegistration_Test.verify_account_registration()[pri:0, instance:testCases.TC_001_AccountRegistration_Test@4983159f]" name="verify_account_registration" class="testCases.TC_001_AccountRegistration_Test"/>
      </group> <!-- Regression -->
      <group name="sanity">
        <method signature="TC_002_LoginTest.verify_login()[pri:0, instance:testCases.TC_002_LoginTest@26bab2f1]" name="verify_login" class="testCases.TC_002_LoginTest"/>
      </group> <!-- sanity -->
    </groups>
    <test started-at="2024-11-26T18:03:43 IST" name="Test" finished-at="2024-11-26T18:03:52 IST" duration-ms="9336">
      <class name="testCases.TC_002_LoginTest">
        <test-method is-config="true" signature="setup(java.lang.String,java.lang.String)[pri:0, instance:testCases.TC_002_LoginTest@26bab2f1]" started-at="2024-11-26T18:03:48 IST" name="setup" finished-at="2024-11-26T18:03:50 IST" duration-ms="1974" status="PASS">
          <params>
            <param index="0">
              <value>
                <![CDATA[Windows]]>
              </value>
            </param>
            <param index="1">
              <value>
                <![CDATA[chrome]]>
              </value>
            </param>
          </params>
          <reporter-output>
          </reporter-output>
        </test-method> <!-- setup -->
        <test-method signature="verify_login()[pri:0, instance:testCases.TC_002_LoginTest@26bab2f1]" started-at="2024-11-26T18:03:50 IST" name="verify_login" finished-at="2024-11-26T18:03:52 IST" duration-ms="1369" status="PASS">
          <reporter-output>
          </reporter-output>
        </test-method> <!-- verify_login -->
        <test-method is-config="true" signature="tearDown()[pri:0, instance:testCases.TC_002_LoginTest@26bab2f1]" started-at="2024-11-26T18:03:52 IST" name="tearDown" finished-at="2024-11-26T18:03:52 IST" duration-ms="259" status="PASS">
          <reporter-output>
          </reporter-output>
        </test-method> <!-- tearDown -->
      </class> <!-- testCases.TC_002_LoginTest -->
      <class name="testCases.TC_001_AccountRegistration_Test">
        <test-method is-config="true" signature="setup(java.lang.String,java.lang.String)[pri:0, instance:testCases.TC_001_AccountRegistration_Test@4983159f]" started-at="2024-11-26T18:03:43 IST" name="setup" finished-at="2024-11-26T18:03:46 IST" duration-ms="3271" status="PASS">
          <params>
            <param index="0">
              <value>
                <![CDATA[Windows]]>
              </value>
            </param>
            <param index="1">
              <value>
                <![CDATA[chrome]]>
              </value>
            </param>
          </params>
          <reporter-output>
          </reporter-output>
        </test-method> <!-- setup -->
        <test-method signature="verify_account_registration()[pri:0, instance:testCases.TC_001_AccountRegistration_Test@4983159f]" started-at="2024-11-26T18:03:46 IST" name="verify_account_registration" finished-at="2024-11-26T18:03:48 IST" duration-ms="2019" status="PASS">
          <reporter-output>
          </reporter-output>
        </test-method> <!-- verify_account_registration -->
        <test-method is-config="true" signature="tearDown()[pri:0, instance:testCases.TC_001_AccountRegistration_Test@4983159f]" started-at="2024-11-26T18:03:48 IST" name="tearDown" finished-at="2024-11-26T18:03:48 IST" duration-ms="214" status="PASS">
          <reporter-output>
          </reporter-output>
        </test-method> <!-- tearDown -->
      </class> <!-- testCases.TC_001_AccountRegistration_Test -->
    </test> <!-- Test -->
  </suite> <!-- Suite -->
</testng-results>
